CRITICAL - 2021-05-18 03:51:17 --> Argument 1 passed to CodeIgniter\HTTP\RedirectResponse::back() must be of the type int or null, string given, called in /var/www/html/app/Controllers/Language.php on line 32
#0 /var/www/html/app/Controllers/Language.php(32): CodeIgniter\HTTP\RedirectResponse->back()
#1 /var/www/html/system/CodeIgniter.php(918): App\Controllers\Language->switchLanguage()
#2 /var/www/html/system/CodeIgniter.php(404): CodeIgniter\CodeIgniter->runController()
#3 /var/www/html/system/CodeIgniter.php(312): CodeIgniter\CodeIgniter->handleRequest()
#4 /var/www/html/public/index.php(46): CodeIgniter\CodeIgniter->run()
#5 {main}
CRITICAL - 2021-05-18 03:52:12 -->  route cannot be found while reverse-routing.
#0 /var/www/html/system/HTTP/RedirectResponse.php(92): CodeIgniter\HTTP\Exceptions\HTTPException::forInvalidRedirectRoute()
#1 /var/www/html/system/Common.php(845): CodeIgniter\HTTP\RedirectResponse->route()
#2 /var/www/html/app/Controllers/Language.php(32): redirect()
#3 /var/www/html/system/CodeIgniter.php(918): App\Controllers\Language->switchLanguage()
#4 /var/www/html/system/CodeIgniter.php(404): CodeIgniter\CodeIgniter->runController()
#5 /var/www/html/system/CodeIgniter.php(312): CodeIgniter\CodeIgniter->handleRequest()
#6 /var/www/html/public/index.php(46): CodeIgniter\CodeIgniter->run()
#7 {main}
CRITICAL - 2021-05-18 04:35:47 --> Unable to connect to the database.
#0 /var/www/html/system/Database/BaseConnection.php(646): CodeIgniter\Database\BaseConnection->initialize()
#1 /var/www/html/system/Database/BaseBuilder.php(1860): CodeIgniter\Database\BaseConnection->query()
#2 /var/www/html/system/Model.php(398): CodeIgniter\Database\BaseBuilder->get()
#3 /var/www/html/app/Controllers/C_Admin.php(18): CodeIgniter\Model->find()
#4 /var/www/html/system/CodeIgniter.php(918): App\Controllers\C_Admin->connexion()
#5 /var/www/html/system/CodeIgniter.php(404): CodeIgniter\CodeIgniter->runController()
#6 /var/www/html/system/CodeIgniter.php(312): CodeIgniter\CodeIgniter->handleRequest()
#7 /var/www/html/public/index.php(46): CodeIgniter\CodeIgniter->run()
#8 {main}
CRITICAL - 2021-05-18 04:45:26 --> Array to string conversion
#0 /var/www/html/app/Controllers/C_Admin.php(35): CodeIgniter\Debug\Exceptions->errorHandler()
#1 /var/www/html/system/CodeIgniter.php(918): App\Controllers\C_Admin->connexion()
#2 /var/www/html/system/CodeIgniter.php(404): CodeIgniter\CodeIgniter->runController()
#3 /var/www/html/system/CodeIgniter.php(312): CodeIgniter\CodeIgniter->handleRequest()
#4 /var/www/html/public/index.php(46): CodeIgniter\CodeIgniter->run()
#5 {main}
CRITICAL - 2021-05-18 04:52:04 --> Undefined property: App\Controllers\C_Admin::$session
#0 /var/www/html/app/Controllers/C_Admin.php(30): CodeIgniter\Debug\Exceptions->errorHandler()
#1 /var/www/html/system/CodeIgniter.php(918): App\Controllers\C_Admin->connexion()
#2 /var/www/html/system/CodeIgniter.php(404): CodeIgniter\CodeIgniter->runController()
#3 /var/www/html/system/CodeIgniter.php(312): CodeIgniter\CodeIgniter->handleRequest()
#4 /var/www/html/public/index.php(46): CodeIgniter\CodeIgniter->run()
#5 {main}
CRITICAL - 2021-05-18 04:53:16 --> Undefined property: App\Controllers\C_Admin::$session
#0 /var/www/html/app/Controllers/C_Admin.php(30): CodeIgniter\Debug\Exceptions->errorHandler()
#1 /var/www/html/system/CodeIgniter.php(918): App\Controllers\C_Admin->connexion()
#2 /var/www/html/system/CodeIgniter.php(404): CodeIgniter\CodeIgniter->runController()
#3 /var/www/html/system/CodeIgniter.php(312): CodeIgniter\CodeIgniter->handleRequest()
#4 /var/www/html/public/index.php(46): CodeIgniter\CodeIgniter->run()
#5 {main}
CRITICAL - 2021-05-18 04:55:17 --> Call to private method App\Controllers\Site::loadService() from context 'App\Controllers\C_Admin'
#0 /var/www/html/system/CodeIgniter.php(918): App\Controllers\C_Admin->connexion()
#1 /var/www/html/system/CodeIgniter.php(404): CodeIgniter\CodeIgniter->runController()
#2 /var/www/html/system/CodeIgniter.php(312): CodeIgniter\CodeIgniter->handleRequest()
#3 /var/www/html/public/index.php(46): CodeIgniter\CodeIgniter->run()
#4 {main}
CRITICAL - 2021-05-18 04:55:39 --> Undefined property: App\Controllers\C_Admin::$session
#0 /var/www/html/app/Controllers/C_Admin.php(42): CodeIgniter\Debug\Exceptions->errorHandler()
#1 /var/www/html/system/CodeIgniter.php(918): App\Controllers\C_Admin->Dashboard()
#2 /var/www/html/system/CodeIgniter.php(404): CodeIgniter\CodeIgniter->runController()
#3 /var/www/html/system/CodeIgniter.php(312): CodeIgniter\CodeIgniter->handleRequest()
#4 /var/www/html/public/index.php(46): CodeIgniter\CodeIgniter->run()
#5 {main}
CRITICAL - 2021-05-18 04:57:25 --> Undefined property: App\Controllers\C_Admin::$session
#0 /var/www/html/app/Controllers/C_Admin.php(119): CodeIgniter\Debug\Exceptions->errorHandler()
#1 /var/www/html/system/CodeIgniter.php(918): App\Controllers\C_Admin->DeleteMsg()
#2 /var/www/html/system/CodeIgniter.php(404): CodeIgniter\CodeIgniter->runController()
#3 /var/www/html/system/CodeIgniter.php(312): CodeIgniter\CodeIgniter->handleRequest()
#4 /var/www/html/public/index.php(46): CodeIgniter\CodeIgniter->run()
#5 {main}
CRITICAL - 2021-05-18 05:34:34 --> Call to undefined function App\Controllers\passwd_hash()
#0 /var/www/html/system/CodeIgniter.php(918): App\Controllers\C_Admin->connexion()
#1 /var/www/html/system/CodeIgniter.php(404): CodeIgniter\CodeIgniter->runController()
#2 /var/www/html/system/CodeIgniter.php(312): CodeIgniter\CodeIgniter->handleRequest()
#3 /var/www/html/public/index.php(46): CodeIgniter\CodeIgniter->run()
#4 {main}
