CRITICAL - 2021-04-29 06:39:39 --> Undefined variable: msgSent
#0 /Applications/MAMP/htdocs/Portfolio/Portfolio/app/Views/V_Contact.php(68): CodeIgniter\Debug\Exceptions->errorHandler(8, 'Undefined varia...', '/Applications/M...', 68, Array)
#1 /Applications/MAMP/htdocs/Portfolio/Portfolio/system/View/View.php(246): include('/Applications/M...')
#2 /Applications/MAMP/htdocs/Portfolio/Portfolio/system/Common.php(1119): CodeIgniter\View\View->render('V_Contact', Array, true)
#3 /Applications/MAMP/htdocs/Portfolio/Portfolio/app/Controllers/App.php(180): view('V_Contact')
#4 /Applications/MAMP/htdocs/Portfolio/Portfolio/system/CodeIgniter.php(918): App\Controllers\App->contact()
#5 /Applications/MAMP/htdocs/Portfolio/Portfolio/system/CodeIgniter.php(404): CodeIgniter\CodeIgniter->runController(Object(App\Controllers\App))
#6 /Applications/MAMP/htdocs/Portfolio/Portfolio/system/CodeIgniter.php(312): CodeIgniter\CodeIgniter->handleRequest(NULL, Object(Config\Cache), false)
#7 /Applications/MAMP/htdocs/Portfolio/Portfolio/Public/index.php(46): CodeIgniter\CodeIgniter->run()
#8 {main}
CRITICAL - 2021-04-29 06:56:31 --> Undefined index: login
#0 /Applications/MAMP/htdocs/Portfolio/Portfolio/app/Controllers/C_Admin.php(14): CodeIgniter\Debug\Exceptions->errorHandler(8, 'Undefined index...', '/Applications/M...', 14, Array)
#1 /Applications/MAMP/htdocs/Portfolio/Portfolio/system/CodeIgniter.php(918): App\Controllers\C_Admin->connexion()
#2 /Applications/MAMP/htdocs/Portfolio/Portfolio/system/CodeIgniter.php(404): CodeIgniter\CodeIgniter->runController(Object(App\Controllers\C_Admin))
#3 /Applications/MAMP/htdocs/Portfolio/Portfolio/system/CodeIgniter.php(312): CodeIgniter\CodeIgniter->handleRequest(NULL, Object(Config\Cache), false)
#4 /Applications/MAMP/htdocs/Portfolio/Portfolio/Public/index.php(46): CodeIgniter\CodeIgniter->run()
#5 {main}
CRITICAL - 2021-04-29 06:57:12 --> Undefined index: login
#0 /Applications/MAMP/htdocs/Portfolio/Portfolio/app/Controllers/C_Admin.php(15): CodeIgniter\Debug\Exceptions->errorHandler(8, 'Undefined index...', '/Applications/M...', 15, Array)
#1 /Applications/MAMP/htdocs/Portfolio/Portfolio/system/CodeIgniter.php(918): App\Controllers\C_Admin->connexion()
#2 /Applications/MAMP/htdocs/Portfolio/Portfolio/system/CodeIgniter.php(404): CodeIgniter\CodeIgniter->runController(Object(App\Controllers\C_Admin))
#3 /Applications/MAMP/htdocs/Portfolio/Portfolio/system/CodeIgniter.php(312): CodeIgniter\CodeIgniter->handleRequest(NULL, Object(Config\Cache), false)
#4 /Applications/MAMP/htdocs/Portfolio/Portfolio/Public/index.php(46): CodeIgniter\CodeIgniter->run()
#5 {main}
CRITICAL - 2021-04-29 07:47:58 --> Undefined property: App\Controllers\C_Admin::$load
#0 /Applications/MAMP/htdocs/Portfolio/Portfolio/app/Controllers/C_Admin.php(53): CodeIgniter\Debug\Exceptions->errorHandler(8, 'Undefined prope...', '/Applications/M...', 53, Array)
#1 /Applications/MAMP/htdocs/Portfolio/Portfolio/app/Controllers/C_Admin.php(36): App\Controllers\C_Admin->loadDashboard()
#2 /Applications/MAMP/htdocs/Portfolio/Portfolio/system/CodeIgniter.php(918): App\Controllers\C_Admin->connexion()
#3 /Applications/MAMP/htdocs/Portfolio/Portfolio/system/CodeIgniter.php(404): CodeIgniter\CodeIgniter->runController(Object(App\Controllers\C_Admin))
#4 /Applications/MAMP/htdocs/Portfolio/Portfolio/system/CodeIgniter.php(312): CodeIgniter\CodeIgniter->handleRequest(NULL, Object(Config\Cache), false)
#5 /Applications/MAMP/htdocs/Portfolio/Portfolio/Public/index.php(46): CodeIgniter\CodeIgniter->run()
#6 {main}
CRITICAL - 2021-04-29 07:49:24 --> Undefined property: App\Controllers\C_Admin::$load
#0 /Applications/MAMP/htdocs/Portfolio/Portfolio/app/Controllers/C_Admin.php(53): CodeIgniter\Debug\Exceptions->errorHandler(8, 'Undefined prope...', '/Applications/M...', 53, Array)
#1 /Applications/MAMP/htdocs/Portfolio/Portfolio/app/Controllers/C_Admin.php(36): App\Controllers\C_Admin->loadDashboard()
#2 /Applications/MAMP/htdocs/Portfolio/Portfolio/system/CodeIgniter.php(918): App\Controllers\C_Admin->connexion()
#3 /Applications/MAMP/htdocs/Portfolio/Portfolio/system/CodeIgniter.php(404): CodeIgniter\CodeIgniter->runController(Object(App\Controllers\C_Admin))
#4 /Applications/MAMP/htdocs/Portfolio/Portfolio/system/CodeIgniter.php(312): CodeIgniter\CodeIgniter->handleRequest(NULL, Object(Config\Cache), false)
#5 /Applications/MAMP/htdocs/Portfolio/Portfolio/Public/index.php(46): CodeIgniter\CodeIgniter->run()
#6 {main}
CRITICAL - 2021-04-29 10:07:55 --> Undefined variable: index
#0 /Applications/MAMP/htdocs/Portfolio/Portfolio/app/Views/V_Dashboard.php(5): CodeIgniter\Debug\Exceptions->errorHandler(8, 'Undefined varia...', '/Applications/M...', 5, Array)
#1 /Applications/MAMP/htdocs/Portfolio/Portfolio/system/View/View.php(246): include('/Applications/M...')
#2 /Applications/MAMP/htdocs/Portfolio/Portfolio/system/Common.php(1119): CodeIgniter\View\View->render('V_Dashboard', Array, true)
#3 /Applications/MAMP/htdocs/Portfolio/Portfolio/app/Controllers/C_Admin.php(54): view('V_Dashboard', Array)
#4 /Applications/MAMP/htdocs/Portfolio/Portfolio/app/Controllers/C_Admin.php(36): App\Controllers\C_Admin->loadDashboard()
#5 /Applications/MAMP/htdocs/Portfolio/Portfolio/system/CodeIgniter.php(918): App\Controllers\C_Admin->connexion()
#6 /Applications/MAMP/htdocs/Portfolio/Portfolio/system/CodeIgniter.php(404): CodeIgniter\CodeIgniter->runController(Object(App\Controllers\C_Admin))
#7 /Applications/MAMP/htdocs/Portfolio/Portfolio/system/CodeIgniter.php(312): CodeIgniter\CodeIgniter->handleRequest(NULL, Object(Config\Cache), false)
#8 /Applications/MAMP/htdocs/Portfolio/Portfolio/Public/index.php(46): CodeIgniter\CodeIgniter->run()
#9 {main}
