CRITICAL - 2021-05-04 02:37:27 --> Undefined variable: messageEnvoye
#0 /Applications/MAMP/htdocs/Portfolio/Portfolio/app/Views/V_Contact.php(8): CodeIgniter\Debug\Exceptions->errorHandler(8, 'Undefined varia...', '/Applications/M...', 8, Array)
#1 /Applications/MAMP/htdocs/Portfolio/Portfolio/system/View/View.php(246): include('/Applications/M...')
#2 /Applications/MAMP/htdocs/Portfolio/Portfolio/system/Common.php(1119): CodeIgniter\View\View->render('V_Contact', Array, true)
#3 /Applications/MAMP/htdocs/Portfolio/Portfolio/app/Controllers/App.php(189): view('V_Contact')
#4 /Applications/MAMP/htdocs/Portfolio/Portfolio/system/CodeIgniter.php(918): App\Controllers\App->contact('true')
#5 /Applications/MAMP/htdocs/Portfolio/Portfolio/system/CodeIgniter.php(404): CodeIgniter\CodeIgniter->runController(Object(App\Controllers\App))
#6 /Applications/MAMP/htdocs/Portfolio/Portfolio/system/CodeIgniter.php(312): CodeIgniter\CodeIgniter->handleRequest(NULL, Object(Config\Cache), false)
#7 /Applications/MAMP/htdocs/Portfolio/Portfolio/Public/index.php(46): CodeIgniter\CodeIgniter->run()
#8 {main}
CRITICAL - 2021-05-04 02:39:06 --> Undefined variable: messageEnvoye
#0 /Applications/MAMP/htdocs/Portfolio/Portfolio/app/Views/V_Contact.php(8): CodeIgniter\Debug\Exceptions->errorHandler(8, 'Undefined varia...', '/Applications/M...', 8, Array)
#1 /Applications/MAMP/htdocs/Portfolio/Portfolio/system/View/View.php(246): include('/Applications/M...')
#2 /Applications/MAMP/htdocs/Portfolio/Portfolio/system/Common.php(1119): CodeIgniter\View\View->render('V_Contact', Array, true)
#3 /Applications/MAMP/htdocs/Portfolio/Portfolio/app/Controllers/App.php(189): view('V_Contact')
#4 /Applications/MAMP/htdocs/Portfolio/Portfolio/system/CodeIgniter.php(918): App\Controllers\App->contact()
#5 /Applications/MAMP/htdocs/Portfolio/Portfolio/system/CodeIgniter.php(404): CodeIgniter\CodeIgniter->runController(Object(App\Controllers\App))
#6 /Applications/MAMP/htdocs/Portfolio/Portfolio/system/CodeIgniter.php(312): CodeIgniter\CodeIgniter->handleRequest(NULL, Object(Config\Cache), false)
#7 /Applications/MAMP/htdocs/Portfolio/Portfolio/Public/index.php(46): CodeIgniter\CodeIgniter->run()
#8 {main}
CRITICAL - 2021-05-04 02:45:54 --> Undefined variable: messageEnvoye
#0 /Applications/MAMP/htdocs/Portfolio/Portfolio/app/Views/V_Contact.php(7): CodeIgniter\Debug\Exceptions->errorHandler(8, 'Undefined varia...', '/Applications/M...', 7, Array)
#1 /Applications/MAMP/htdocs/Portfolio/Portfolio/system/View/View.php(246): include('/Applications/M...')
#2 /Applications/MAMP/htdocs/Portfolio/Portfolio/system/Common.php(1119): CodeIgniter\View\View->render('V_Contact', Array, true)
#3 /Applications/MAMP/htdocs/Portfolio/Portfolio/app/Controllers/App.php(189): view('V_Contact')
#4 /Applications/MAMP/htdocs/Portfolio/Portfolio/system/CodeIgniter.php(918): App\Controllers\App->contact('true')
#5 /Applications/MAMP/htdocs/Portfolio/Portfolio/system/CodeIgniter.php(404): CodeIgniter\CodeIgniter->runController(Object(App\Controllers\App))
#6 /Applications/MAMP/htdocs/Portfolio/Portfolio/system/CodeIgniter.php(312): CodeIgniter\CodeIgniter->handleRequest(NULL, Object(Config\Cache), false)
#7 /Applications/MAMP/htdocs/Portfolio/Portfolio/Public/index.php(46): CodeIgniter\CodeIgniter->run()
#8 {main}
CRITICAL - 2021-05-04 02:47:47 --> Undefined variable: messageEnvoye
#0 /Applications/MAMP/htdocs/Portfolio/Portfolio/app/Views/V_Contact.php(7): CodeIgniter\Debug\Exceptions->errorHandler(8, 'Undefined varia...', '/Applications/M...', 7, Array)
#1 /Applications/MAMP/htdocs/Portfolio/Portfolio/system/View/View.php(246): include('/Applications/M...')
#2 /Applications/MAMP/htdocs/Portfolio/Portfolio/system/Common.php(1119): CodeIgniter\View\View->render('V_Contact', Array, true)
#3 /Applications/MAMP/htdocs/Portfolio/Portfolio/app/Controllers/App.php(193): view('V_Contact')
#4 /Applications/MAMP/htdocs/Portfolio/Portfolio/system/CodeIgniter.php(918): App\Controllers\App->contact('true')
#5 /Applications/MAMP/htdocs/Portfolio/Portfolio/system/CodeIgniter.php(404): CodeIgniter\CodeIgniter->runController(Object(App\Controllers\App))
#6 /Applications/MAMP/htdocs/Portfolio/Portfolio/system/CodeIgniter.php(312): CodeIgniter\CodeIgniter->handleRequest(NULL, Object(Config\Cache), false)
#7 /Applications/MAMP/htdocs/Portfolio/Portfolio/Public/index.php(46): CodeIgniter\CodeIgniter->run()
#8 {main}
CRITICAL - 2021-05-04 04:05:24 --> Call to undefined method CodeIgniter\Session\Session::set_userdata()
#0 /Applications/MAMP/htdocs/Portfolio/Portfolio/app/Controllers/App.php(29): App\Controllers\App->initializeSession()
#1 /Applications/MAMP/htdocs/Portfolio/Portfolio/app/Controllers/App.php(171): App\Controllers\App->loadNavigation('dg', Array)
#2 /Applications/MAMP/htdocs/Portfolio/Portfolio/system/CodeIgniter.php(918): App\Controllers\App->veille('5')
#3 /Applications/MAMP/htdocs/Portfolio/Portfolio/system/CodeIgniter.php(404): CodeIgniter\CodeIgniter->runController(Object(App\Controllers\App))
#4 /Applications/MAMP/htdocs/Portfolio/Portfolio/system/CodeIgniter.php(312): CodeIgniter\CodeIgniter->handleRequest(NULL, Object(Config\Cache), false)
#5 /Applications/MAMP/htdocs/Portfolio/Portfolio/Public/index.php(46): CodeIgniter\CodeIgniter->run()
#6 {main}
CRITICAL - 2021-05-04 04:06:03 --> Call to undefined method CodeIgniter\Session\Session::set_userdata()
#0 /Applications/MAMP/htdocs/Portfolio/Portfolio/app/Controllers/App.php(30): App\Controllers\App->initializeSession()
#1 /Applications/MAMP/htdocs/Portfolio/Portfolio/app/Controllers/App.php(172): App\Controllers\App->loadNavigation('dg', Array)
#2 /Applications/MAMP/htdocs/Portfolio/Portfolio/system/CodeIgniter.php(918): App\Controllers\App->veille('5')
#3 /Applications/MAMP/htdocs/Portfolio/Portfolio/system/CodeIgniter.php(404): CodeIgniter\CodeIgniter->runController(Object(App\Controllers\App))
#4 /Applications/MAMP/htdocs/Portfolio/Portfolio/system/CodeIgniter.php(312): CodeIgniter\CodeIgniter->handleRequest(NULL, Object(Config\Cache), false)
#5 /Applications/MAMP/htdocs/Portfolio/Portfolio/Public/index.php(46): CodeIgniter\CodeIgniter->run()
#6 {main}
CRITICAL - 2021-05-04 04:07:50 --> Call to undefined method CodeIgniter\Session\Session::set_userdata()
#0 /Applications/MAMP/htdocs/Portfolio/Portfolio/app/Controllers/App.php(34): App\Controllers\App->initializeSession()
#1 /Applications/MAMP/htdocs/Portfolio/Portfolio/app/Controllers/App.php(176): App\Controllers\App->loadNavigation('dg', Array)
#2 /Applications/MAMP/htdocs/Portfolio/Portfolio/system/CodeIgniter.php(918): App\Controllers\App->veille('5')
#3 /Applications/MAMP/htdocs/Portfolio/Portfolio/system/CodeIgniter.php(404): CodeIgniter\CodeIgniter->runController(Object(App\Controllers\App))
#4 /Applications/MAMP/htdocs/Portfolio/Portfolio/system/CodeIgniter.php(312): CodeIgniter\CodeIgniter->handleRequest(NULL, Object(Config\Cache), false)
#5 /Applications/MAMP/htdocs/Portfolio/Portfolio/Public/index.php(46): CodeIgniter\CodeIgniter->run()
#6 {main}
CRITICAL - 2021-05-04 04:20:09 --> Call to undefined method CodeIgniter\Session\Session::set_userdata()
#0 /Applications/MAMP/htdocs/Portfolio/Portfolio/app/Controllers/App.php(34): App\Controllers\App->initializeSession()
#1 /Applications/MAMP/htdocs/Portfolio/Portfolio/app/Controllers/App.php(176): App\Controllers\App->loadNavigation('dg', Array)
#2 /Applications/MAMP/htdocs/Portfolio/Portfolio/system/CodeIgniter.php(918): App\Controllers\App->veille('5')
#3 /Applications/MAMP/htdocs/Portfolio/Portfolio/system/CodeIgniter.php(404): CodeIgniter\CodeIgniter->runController(Object(App\Controllers\App))
#4 /Applications/MAMP/htdocs/Portfolio/Portfolio/system/CodeIgniter.php(312): CodeIgniter\CodeIgniter->handleRequest(NULL, Object(Config\Cache), false)
#5 /Applications/MAMP/htdocs/Portfolio/Portfolio/Public/index.php(46): CodeIgniter\CodeIgniter->run()
#6 {main}
CRITICAL - 2021-05-04 04:27:53 --> Undefined property: App\Controllers\App::$config
#0 /Applications/MAMP/htdocs/Portfolio/Portfolio/app/Controllers/App.php(95): CodeIgniter\Debug\Exceptions->errorHandler(8, 'Undefined prope...', '/Applications/M...', 95, Array)
#1 /Applications/MAMP/htdocs/Portfolio/Portfolio/system/CodeIgniter.php(918): App\Controllers\App->accueil()
#2 /Applications/MAMP/htdocs/Portfolio/Portfolio/system/CodeIgniter.php(404): CodeIgniter\CodeIgniter->runController(Object(App\Controllers\App))
#3 /Applications/MAMP/htdocs/Portfolio/Portfolio/system/CodeIgniter.php(312): CodeIgniter\CodeIgniter->handleRequest(NULL, Object(Config\Cache), false)
#4 /Applications/MAMP/htdocs/Portfolio/Portfolio/Public/index.php(46): CodeIgniter\CodeIgniter->run()
#5 {main}
