CRITICAL - 2021-05-01 02:56:56 --> Undefined variable: priorité
#0 /Applications/MAMP/htdocs/Portfolio/Portfolio/app/Views/V_Dashboard.php(58): CodeIgniter\Debug\Exceptions->errorHandler(8, 'Undefined varia...', '/Applications/M...', 58, Array)
#1 /Applications/MAMP/htdocs/Portfolio/Portfolio/system/View/View.php(246): include('/Applications/M...')
#2 /Applications/MAMP/htdocs/Portfolio/Portfolio/system/Common.php(1119): CodeIgniter\View\View->render('V_Dashboard', Array, true)
#3 /Applications/MAMP/htdocs/Portfolio/Portfolio/app/Controllers/C_Admin.php(81): view('V_Dashboard', Array)
#4 /Applications/MAMP/htdocs/Portfolio/Portfolio/system/CodeIgniter.php(918): App\Controllers\C_Admin->Dashboard()
#5 /Applications/MAMP/htdocs/Portfolio/Portfolio/system/CodeIgniter.php(404): CodeIgniter\CodeIgniter->runController(Object(App\Controllers\C_Admin))
#6 /Applications/MAMP/htdocs/Portfolio/Portfolio/system/CodeIgniter.php(312): CodeIgniter\CodeIgniter->handleRequest(NULL, Object(Config\Cache), false)
#7 /Applications/MAMP/htdocs/Portfolio/Portfolio/Public/index.php(46): CodeIgniter\CodeIgniter->run()
#8 {main}
CRITICAL - 2021-05-01 03:53:07 --> Undefined variable: arr_messages
#0 /Applications/MAMP/htdocs/Portfolio/Portfolio/app/Views/V_Dashboard.php(112): CodeIgniter\Debug\Exceptions->errorHandler(8, 'Undefined varia...', '/Applications/M...', 112, Array)
#1 /Applications/MAMP/htdocs/Portfolio/Portfolio/system/View/View.php(246): include('/Applications/M...')
#2 /Applications/MAMP/htdocs/Portfolio/Portfolio/system/Common.php(1119): CodeIgniter\View\View->render('V_Dashboard', Array, true)
#3 /Applications/MAMP/htdocs/Portfolio/Portfolio/app/Controllers/C_Admin.php(83): view('V_Dashboard', Array)
#4 /Applications/MAMP/htdocs/Portfolio/Portfolio/system/CodeIgniter.php(918): App\Controllers\C_Admin->Dashboard('veille')
#5 /Applications/MAMP/htdocs/Portfolio/Portfolio/system/CodeIgniter.php(404): CodeIgniter\CodeIgniter->runController(Object(App\Controllers\C_Admin))
#6 /Applications/MAMP/htdocs/Portfolio/Portfolio/system/CodeIgniter.php(312): CodeIgniter\CodeIgniter->handleRequest(NULL, Object(Config\Cache), false)
#7 /Applications/MAMP/htdocs/Portfolio/Portfolio/Public/index.php(46): CodeIgniter\CodeIgniter->run()
#8 {main}
CRITICAL - 2021-05-01 03:56:53 --> Undefined variable: arr_messages
#0 /Applications/MAMP/htdocs/Portfolio/Portfolio/app/Views/V_Dashboard.php(112): CodeIgniter\Debug\Exceptions->errorHandler(8, 'Undefined varia...', '/Applications/M...', 112, Array)
#1 /Applications/MAMP/htdocs/Portfolio/Portfolio/system/View/View.php(246): include('/Applications/M...')
#2 /Applications/MAMP/htdocs/Portfolio/Portfolio/system/Common.php(1119): CodeIgniter\View\View->render('V_Dashboard', Array, true)
#3 /Applications/MAMP/htdocs/Portfolio/Portfolio/app/Controllers/C_Admin.php(85): view('V_Dashboard', Array)
#4 /Applications/MAMP/htdocs/Portfolio/Portfolio/system/CodeIgniter.php(918): App\Controllers\C_Admin->Dashboard('veille')
#5 /Applications/MAMP/htdocs/Portfolio/Portfolio/system/CodeIgniter.php(404): CodeIgniter\CodeIgniter->runController(Object(App\Controllers\C_Admin))
#6 /Applications/MAMP/htdocs/Portfolio/Portfolio/system/CodeIgniter.php(312): CodeIgniter\CodeIgniter->handleRequest(NULL, Object(Config\Cache), false)
#7 /Applications/MAMP/htdocs/Portfolio/Portfolio/Public/index.php(46): CodeIgniter\CodeIgniter->run()
#8 {main}
CRITICAL - 2021-05-01 03:59:54 --> Undefined variable: id_msg
#0 /Applications/MAMP/htdocs/Portfolio/Portfolio/app/Views/V_Dashboard.php(122): CodeIgniter\Debug\Exceptions->errorHandler(8, 'Undefined varia...', '/Applications/M...', 122, Array)
#1 /Applications/MAMP/htdocs/Portfolio/Portfolio/system/View/View.php(246): include('/Applications/M...')
#2 /Applications/MAMP/htdocs/Portfolio/Portfolio/system/Common.php(1119): CodeIgniter\View\View->render('V_Dashboard', Array, true)
#3 /Applications/MAMP/htdocs/Portfolio/Portfolio/app/Controllers/C_Admin.php(85): view('V_Dashboard', Array)
#4 /Applications/MAMP/htdocs/Portfolio/Portfolio/system/CodeIgniter.php(918): App\Controllers\C_Admin->Dashboard('veille')
#5 /Applications/MAMP/htdocs/Portfolio/Portfolio/system/CodeIgniter.php(404): CodeIgniter\CodeIgniter->runController(Object(App\Controllers\C_Admin))
#6 /Applications/MAMP/htdocs/Portfolio/Portfolio/system/CodeIgniter.php(312): CodeIgniter\CodeIgniter->handleRequest(NULL, Object(Config\Cache), false)
#7 /Applications/MAMP/htdocs/Portfolio/Portfolio/Public/index.php(46): CodeIgniter\CodeIgniter->run()
#8 {main}
CRITICAL - 2021-05-01 04:09:36 --> Undefined variable: data
#0 /Applications/MAMP/htdocs/Portfolio/Portfolio/app/Controllers/C_Admin.php(85): CodeIgniter\Debug\Exceptions->errorHandler(8, 'Undefined varia...', '/Applications/M...', 85, Array)
#1 /Applications/MAMP/htdocs/Portfolio/Portfolio/system/CodeIgniter.php(918): App\Controllers\C_Admin->Dashboard('article', 'recent')
#2 /Applications/MAMP/htdocs/Portfolio/Portfolio/system/CodeIgniter.php(404): CodeIgniter\CodeIgniter->runController(Object(App\Controllers\C_Admin))
#3 /Applications/MAMP/htdocs/Portfolio/Portfolio/system/CodeIgniter.php(312): CodeIgniter\CodeIgniter->handleRequest(NULL, Object(Config\Cache), false)
#4 /Applications/MAMP/htdocs/Portfolio/Portfolio/Public/index.php(46): CodeIgniter\CodeIgniter->run()
#5 {main}
